0 verbose cli /usr/local/bin/node /usr/local/bin/npm
1 info using npm@10.8.2
2 info using node@v20.18.1
3 silly config load:file:/usr/local/lib/node_modules/npm/npmrc
4 silly config load:file:/data/.npmrc
5 silly config load:file:/usr/src/node-red/.npmrc
6 silly config load:file:/usr/local/etc/npmrc
7 verbose title npm install @mnn-o/node-red-rabbitmq@1.0.2
8 verbose argv "install" "--no-audit" "--no-update-notifier" "--no-fund" "--save" "--save-prefix" "~" "--omit" "dev" "--engine-strict" "@mnn-o/node-red-rabbitmq@1.0.2"
9 verbose logfile logs-max:10 dir:/data/.npm/_logs/2025-02-17T17_27_00_577Z-
10 verbose logfile /data/.npm/_logs/2025-02-17T17_27_00_577Z-debug-0.log
11 silly packumentCache heap:4345298944 maxSize:1086324736 maxEntrySize:543162368
12 silly logfile done cleaning log files
13 silly idealTree buildDeps
14 silly fetch manifest @mnn-o/node-red-rabbitmq@1.0.2
15 silly packumentCache full:https://registry.npmjs.org/@mnn-o%2fnode-red-rabbitmq cache-miss
16 http fetch GET 200 https://registry.npmjs.org/@mnn-o%2fnode-red-rabbitmq 1913ms (cache miss)
17 silly packumentCache full:https://registry.npmjs.org/@mnn-o%2fnode-red-rabbitmq set size:undefined disposed:false
18 silly placeDep ROOT @mnn-o/node-red-rabbitmq@1.0.2 OK for: node-red-project@0.0.1 want: 1.0.2
19 silly fetch manifest lodash.clonedeep@^4.5.0
20 silly packumentCache full:https://registry.npmjs.org/lodash.clonedeep cache-miss
21 silly fetch manifest uuid@^8.3.2
22 silly packumentCache full:https://registry.npmjs.org/uuid cache-miss
23 http fetch GET 200 https://registry.npmjs.org/lodash.clonedeep 71ms (cache miss)
24 silly packumentCache full:https://registry.npmjs.org/lodash.clonedeep set size:undefined disposed:false
25 http fetch GET 200 https://registry.npmjs.org/uuid 217ms (cache miss)
26 silly packumentCache full:https://registry.npmjs.org/uuid set size:undefined disposed:false
27 silly placeDep ROOT lodash.clonedeep@4.5.0 OK for: @mnn-o/node-red-rabbitmq@1.0.2 want: ^4.5.0
28 silly placeDep ROOT uuid@8.3.2 OK for: @mnn-o/node-red-rabbitmq@1.0.2 want: ^8.3.2
29 silly reify moves {}
30 silly tarball no local data for uuid@https://registry.npmjs.org/uuid/-/uuid-8.3.2.tgz. Extracting by manifest.
31 silly tarball no local data for lodash.clonedeep@https://registry.npmjs.org/lodash.clonedeep/-/lodash.clonedeep-4.5.0.tgz. Extracting by manifest.
32 silly tarball no local data for @mnn-o/node-red-rabbitmq@https://registry.npmjs.org/@mnn-o/node-red-rabbitmq/-/node-red-rabbitmq-1.0.2.tgz. Extracting by manifest.
33 http fetch GET 200 https://registry.npmjs.org/lodash.clonedeep/-/lodash.clonedeep-4.5.0.tgz 100ms (cache miss)
34 http fetch GET 200 https://registry.npmjs.org/uuid/-/uuid-8.3.2.tgz 120ms (cache miss)
35 http fetch GET 200 https://registry.npmjs.org/@mnn-o/node-red-rabbitmq/-/node-red-rabbitmq-1.0.2.tgz 1964ms (cache miss)
36 silly ADD node_modules/uuid
37 silly ADD node_modules/lodash.clonedeep
38 silly ADD node_modules/@mnn-o/node-red-rabbitmq
39 verbose cwd /data
40 verbose os Linux 6.8.0-52-generic
41 verbose node v20.18.1
42 verbose npm  v10.8.2
43 verbose exit 0
44 info ok
