0 verbose cli /usr/local/bin/node /usr/local/bin/npm
1 info using npm@10.8.2
2 info using node@v20.18.1
3 silly config load:file:/usr/local/lib/node_modules/npm/npmrc
4 silly config load:file:/usr/src/node-red/.npmrc
5 silly config load:file:/usr/local/etc/npmrc
6 verbose title npm uninstall @kyuda/node-red-contrib-rabbitmq-bus
7 verbose argv "uninstall" "@kyuda/node-red-contrib-rabbitmq-bus"
8 verbose logfile logs-max:10 dir:/data/.npm/_logs/2025-02-17T17_43_43_728Z-
9 verbose logfile /data/.npm/_logs/2025-02-17T17_43_43_728Z-debug-0.log
10 silly packumentCache heap:4345298944 maxSize:1086324736 maxEntrySize:543162368
11 silly logfile done cleaning log files
12 silly idealTree buildDeps
13 silly reify moves {}
14 silly audit bulk request {
14 silly audit   '@babel/runtime': [ '7.26.0' ],
14 silly audit   '@isaacs/cliui': [ '8.0.2' ],
14 silly audit   'ansi-regex': [ '6.1.0', '5.0.1' ],
14 silly audit   'strip-ansi': [ '7.1.0', '6.0.1' ],
14 silly audit   '@isaacs/fs-minipass': [ '4.0.1' ],
14 silly audit   '@node-red/editor-api': [ '4.0.8' ],
14 silly audit   '@node-red/editor-client': [ '4.0.8' ],
14 silly audit   '@node-red/nodes': [ '4.0.8' ],
14 silly audit   '@node-red/registry': [ '4.0.8' ],
14 silly audit   '@node-red/runtime': [ '4.0.8' ],
14 silly audit   '@node-red/util': [ '4.0.8' ],
14 silly audit   '@node-rs/bcrypt': [ '1.10.4' ],
14 silly audit   '@node-rs/bcrypt-linux-x64-musl': [ '1.10.4' ],
14 silly audit   '@pkgjs/parseargs': [ '0.11.0' ],
14 silly audit   '@sindresorhus/is': [ '5.6.0' ],
14 silly audit   '@szmarczak/http-timer': [ '5.0.1' ],
14 silly audit   '@types/http-cache-semantics': [ '4.0.4' ],
14 silly audit   '@types/node': [ '22.10.2' ],
14 silly audit   '@types/readable-stream': [ '4.0.18' ],
14 silly audit   '@types/ws': [ '8.5.13' ],
14 silly audit   abbrev: [ '1.1.1' ],
14 silly audit   'abort-controller': [ '3.0.0' ],
14 silly audit   accepts: [ '1.3.8' ],
14 silly audit   acorn: [ '8.12.1' ],
14 silly audit   'acorn-walk': [ '8.3.4' ],
14 silly audit   'agent-base': [ '6.0.2' ],
14 silly audit   debug: [ '4.4.0', '2.6.9' ],
14 silly audit   ms: [ '2.1.3', '2.0.0' ],
14 silly audit   ajv: [ '8.17.1' ],
14 silly audit   'ansi-colors': [ '4.1.3' ],
14 silly audit   'ansi-styles': [ '6.2.1', '4.3.0' ],
14 silly audit   'append-field': [ '1.0.0' ],
14 silly audit   argparse: [ '2.0.1' ],
14 silly audit   'array-flatten': [ '1.1.1' ],
14 silly audit   'async-mutex': [ '0.5.0' ],
14 silly audit   asynckit: [ '0.4.0' ],
14 silly audit   axios: [ '1.7.9' ],
14 silly audit   'balanced-match': [ '1.0.2' ],
14 silly audit   'base64-js': [ '1.5.1' ],
14 silly audit   'basic-auth': [ '2.0.1' ],
14 silly audit   bcryptjs: [ '2.4.3' ],
14 silly audit   bl: [ '6.0.16' ],
14 silly audit   'body-parser': [ '1.20.3' ],
14 silly audit   'iconv-lite': [ '0.4.24', '0.6.3' ],
14 silly audit   'raw-body': [ '2.5.2', '3.0.0' ],
14 silly audit   boolbase: [ '1.0.0' ],
14 silly audit   'brace-expansion': [ '2.0.1' ],
14 silly audit   buffer: [ '6.0.3' ],
14 silly audit   'buffer-from': [ '1.1.2' ],
14 silly audit   busboy: [ '1.6.0' ],
14 silly audit   bytes: [ '3.1.2' ],
14 silly audit   'cacheable-lookup': [ '7.0.0' ],
14 silly audit   'cacheable-request': [ '10.2.14' ],
14 silly audit   'call-bind-apply-helpers': [ '1.0.1' ],
14 silly audit   'call-bound': [ '1.0.3' ],
14 silly audit   cheerio: [ '1.0.0-rc.10' ],
14 silly audit   'cheerio-select': [ '1.6.0' ],
14 silly audit   chownr: [ '3.0.0' ],
14 silly audit   'cli-table': [ '0.3.11' ],
14 silly audit   clone: [ '2.1.2' ],
14 silly audit   'color-convert': [ '2.0.1' ],
14 silly audit   'color-name': [ '1.1.4' ],
14 silly audit   colors: [ '1.0.3' ],
14 silly audit   'combined-stream': [ '1.0.8' ],
14 silly audit   commist: [ '3.2.0' ],
14 silly audit   'concat-stream': [ '2.0.0', '1.6.2' ],
14 silly audit   'readable-stream': [ '3.6.2', '2.3.8', '4.6.0' ],
14 silly audit   'content-disposition': [ '0.5.4' ],
14 silly audit   'safe-buffer': [ '5.2.1', '5.1.2' ],
14 silly audit   'content-type': [ '1.0.5' ],
14 silly audit   cookie: [ '0.7.2', '0.7.1' ],
14 silly audit   'cookie-parser': [ '1.4.7' ],
14 silly audit   'cookie-signature': [ '1.0.6', '1.0.7' ],
14 silly audit   'core-util-is': [ '1.0.3' ],
14 silly audit   cors: [ '2.8.5' ],
14 silly audit   cronosjs: [ '1.7.1' ],
14 silly audit   'cross-spawn': [ '7.0.6' ],
14 silly audit   'css-select': [ '4.3.0' ],
14 silly audit   'css-what': [ '6.1.0' ],
14 silly audit   'decompress-response': [ '6.0.0' ],
14 silly audit   'mimic-response': [ '3.1.0', '4.0.0' ],
14 silly audit   'defer-to-connect': [ '2.0.1' ],
14 silly audit   'delayed-stream': [ '1.0.0' ],
14 silly audit   denque: [ '2.1.0' ],
14 silly audit   depd: [ '2.0.0' ],
14 silly audit   destroy: [ '1.2.0' ],
14 silly audit   'dom-serializer': [ '1.4.1' ],
14 silly audit   domelementtype: [ '2.3.0' ],
14 silly audit   domhandler: [ '4.3.1' ],
14 silly audit   domutils: [ '2.8.0' ],
14 silly audit   'dunder-proto': [ '1.0.1' ],
14 silly audit   eastasianwidth: [ '0.2.0' ],
14 silly audit   'ee-first': [ '1.1.1' ],
14 silly audit   'emoji-regex': [ '9.2.2', '8.0.0' ],
14 silly audit   encodeurl: [ '2.0.0', '1.0.2' ],
14 silly audit   enquirer: [ '2.4.1' ],
14 silly audit   entities: [ '2.2.0' ],
14 silly audit   'es-define-property': [ '1.0.1' ],
14 silly audit   'es-errors': [ '1.3.0' ],
14 silly audit   'es-object-atoms': [ '1.0.0' ],
14 silly audit   'escape-html': [ '1.0.3' ],
14 silly audit   etag: [ '1.8.1' ],
14 silly audit   'event-target-shim': [ '5.0.1' ],
14 silly audit   events: [ '3.3.0' ],
14 silly audit   express: [ '4.21.2' ],
14 silly audit   'express-session': [ '1.18.1' ],
14 silly audit   'fast-deep-equal': [ '3.1.3' ],
14 silly audit   'fast-unique-numbers': [ '8.0.13' ],
14 silly audit   'fast-uri': [ '3.0.3' ],
14 silly audit   finalhandler: [ '1.3.1' ],
14 silly audit   'follow-redirects': [ '1.15.9' ],
14 silly audit   'foreground-child': [ '3.3.0' ],
14 silly audit   'form-data': [ '4.0.0' ],
14 silly audit   'form-data-encoder': [ '2.1.4' ],
14 silly audit   forwarded: [ '0.2.0' ],
14 silly audit   fresh: [ '0.5.2' ],
14 silly audit   'fs-extra': [ '11.2.0' ],
14 silly audit   'function-bind': [ '1.1.2' ],
14 silly audit   'get-intrinsic': [ '1.2.6' ],
14 silly audit   'get-stream': [ '6.0.1' ],
14 silly audit   glob: [ '10.4.5' ],
14 silly audit   gopd: [ '1.2.0' ],
14 silly audit   got: [ '12.6.1' ],
14 silly audit   'graceful-fs': [ '4.2.11' ],
14 silly audit   'has-symbols': [ '1.1.0' ],
14 silly audit   'hash-sum': [ '2.0.0' ],
14 silly audit   hasown: [ '2.0.2' ],
14 silly audit   'help-me': [ '5.0.0' ],
14 silly audit   hpagent: [ '1.2.0' ],
14 silly audit   htmlparser2: [ '6.1.0' ],
14 silly audit   'http-cache-semantics': [ '4.1.1' ],
14 silly audit   'http-errors': [ '2.0.0' ],
14 silly audit   'http2-wrapper': [ '2.2.1' ],
14 silly audit   'https-proxy-agent': [ '5.0.1' ],
14 silly audit   i18next: [ '21.10.0' ],
14 silly audit   ieee754: [ '1.2.1' ],
14 silly audit   inherits: [ '2.0.4' ],
14 silly audit   'ipaddr.js': [ '1.9.1' ],
14 silly audit   'is-fullwidth-code-point': [ '3.0.0' ],
14 silly audit   'is-utf8': [ '0.2.1' ],
14 silly audit   isarray: [ '1.0.0' ],
14 silly audit   isexe: [ '2.0.0' ],
14 silly audit   jackspeak: [ '3.4.3' ],
14 silly audit   'js-sdsl': [ '4.3.0' ],
14 silly audit   'js-yaml': [ '4.1.0' ],
14 silly audit   'json-buffer': [ '3.0.1' ],
14 silly audit   'json-schema-traverse': [ '1.0.0' ],
14 silly audit   'json-stringify-safe': [ '5.0.1' ],
14 silly audit   jsonata: [ '2.0.5' ],
14 silly audit   jsonfile: [ '6.1.0' ],
14 silly audit   keyv: [ '4.5.4' ],
14 silly audit   'lodash.clonedeep': [ '4.5.0' ],
14 silly audit   'lowercase-keys': [ '3.0.0' ],
14 silly audit   'lru-cache': [ '4.1.5', '10.4.3' ],
14 silly audit   'math-intrinsics': [ '1.1.0' ],
14 silly audit   'media-typer': [ '1.1.0', '0.3.0' ],
14 silly audit   memorystore: [ '1.6.7' ],
14 silly audit   'merge-descriptors': [ '1.0.3' ],
14 silly audit   methods: [ '1.1.2' ],
14 silly audit   mime: [ '3.0.0', '1.6.0' ],
14 silly audit   'mime-db': [ '1.52.0' ],
14 silly audit   'mime-types': [ '2.1.35' ],
14 silly audit   minimatch: [ '9.0.5' ],
14 silly audit   minimist: [ '1.2.8' ],
14 silly audit   minipass: [ '7.1.2' ],
14 silly audit   minizlib: [ '3.0.1' ],
14 silly audit   mkdirp: [ '0.5.6', '3.0.1' ],
14 silly audit   moment: [ '2.30.1' ],
14 silly audit   'moment-timezone': [ '0.5.46' ],
14 silly audit   mqtt: [ '5.7.0' ],
14 silly audit   ws: [ '8.18.0', '7.5.10' ],
14 silly audit   'mqtt-packet': [ '9.0.1' ],
14 silly audit   multer: [ '1.4.5-lts.1' ],
14 silly audit   string_decoder: [ '1.1.1', '1.3.0' ],
14 silly audit   mustache: [ '4.2.0' ],
14 silly audit   'mute-stream': [ '1.0.0' ],
14 silly audit   negotiator: [ '0.6.3' ],
14 silly audit   'node-red': [ '4.0.8' ],
14 silly audit   'node-red-admin': [ '4.0.1' ],
14 silly audit   'node-watch': [ '0.7.4' ],
14 silly audit   nopt: [ '5.0.0' ],
14 silly audit   'normalize-url': [ '8.0.1' ],
14 silly audit   'nth-check': [ '2.1.1' ],
14 silly audit   'number-allocator': [ '1.0.14' ],
14 silly audit   oauth2orize: [ '1.12.0' ],
14 silly audit   'object-assign': [ '4.1.1' ],
14 silly audit   'object-inspect': [ '1.13.3' ],
14 silly audit   'on-finished': [ '2.4.1' ],
14 silly audit   'on-headers': [ '1.0.2' ],
14 silly audit   'p-cancelable': [ '3.0.0' ],
14 silly audit   'package-json-from-dist': [ '1.0.1' ],
14 silly audit   parse5: [ '6.0.1' ],
14 silly audit   'parse5-htmlparser2-tree-adapter': [ '6.0.1' ],
14 silly audit   parseurl: [ '1.3.3' ],
14 silly audit   passport: [ '0.7.0' ],
14 silly audit   'passport-http-bearer': [ '1.0.1' ],
14 silly audit   'passport-oauth2-client-password': [ '0.1.2' ],
14 silly audit   'passport-strategy': [ '1.0.0' ],
14 silly audit   'path-key': [ '3.1.1' ],
14 silly audit   'path-scurry': [ '1.11.1' ],
14 silly audit   'path-to-regexp': [ '0.1.12' ],
14 silly audit   pause: [ '0.0.1' ],
14 silly audit   process: [ '0.11.10' ],
14 silly audit   'process-nextick-args': [ '2.0.1' ],
14 silly audit   'proxy-addr': [ '2.0.7' ],
14 silly audit   'proxy-from-env': [ '1.1.0' ],
14 silly audit   pseudomap: [ '1.0.2' ],
14 silly audit   qs: [ '6.13.0' ],
14 silly audit   'quick-lru': [ '5.1.1' ],
14 silly audit   'random-bytes': [ '1.0.0' ],
14 silly audit   'range-parser': [ '1.2.1' ],
14 silly audit   read: [ '3.0.1' ],
14 silly audit   'regenerator-runtime': [ '0.14.1' ],
14 silly audit   reinterval: [ '1.1.0' ],
14 silly audit   'require-from-string': [ '2.0.2' ],
14 silly audit   'resolve-alpn': [ '1.2.1' ],
14 silly audit   responselike: [ '3.0.0' ],
14 silly audit   rfdc: [ '1.4.1' ],
14 silly audit   rimraf: [ '5.0.10' ],
14 silly audit   'safer-buffer': [ '2.1.2' ],
14 silly audit   sax: [ '1.4.1' ],
14 silly audit   semver: [ '7.6.3' ],
14 silly audit   send: [ '0.19.0' ],
14 silly audit   'serve-static': [ '1.16.2' ],
14 silly audit   setprototypeof: [ '1.2.0' ],
14 silly audit   'shebang-command': [ '2.0.0' ],
14 silly audit   'shebang-regex': [ '3.0.0' ],
14 silly audit   'side-channel': [ '1.1.0' ],
14 silly audit   'side-channel-list': [ '1.0.0' ],
14 silly audit   'side-channel-map': [ '1.0.1' ],
14 silly audit   'side-channel-weakmap': [ '1.0.2' ],
14 silly audit   'signal-exit': [ '4.1.0' ],
14 silly audit   split2: [ '4.2.0' ],
14 silly audit   statuses: [ '2.0.1' ],
14 silly audit   streamsearch: [ '1.1.0' ],
14 silly audit   'string-width': [ '5.1.2', '4.2.3' ],
14 silly audit   tar: [ '7.4.3' ],
14 silly audit   yallist: [ '5.0.0', '2.1.2' ],
14 silly audit   tldts: [ '6.1.69' ],
14 silly audit   'tldts-core': [ '6.1.69' ],
14 silly audit   toidentifier: [ '1.0.1' ],
14 silly audit   'tough-cookie': [ '5.0.0' ],
14 silly audit   tslib: [ '2.8.1' ],
14 silly audit   'type-is': [ '1.6.18' ],
14 silly audit   typedarray: [ '0.0.6' ],
14 silly audit   'uglify-js': [ '3.17.4' ],
14 silly audit   'uid-safe': [ '2.1.5' ],
14 silly audit   uid2: [ '0.0.4' ],
14 silly audit   'undici-types': [ '6.20.0' ],
14 silly audit   universalify: [ '2.0.1' ],
14 silly audit   unpipe: [ '1.0.0' ],
14 silly audit   'util-deprecate': [ '1.0.2' ],
14 silly audit   'utils-merge': [ '1.0.1' ],
14 silly audit   uuid: [ '9.0.1' ],
14 silly audit   vary: [ '1.1.2' ],
14 silly audit   which: [ '2.0.2' ],
14 silly audit   'worker-timers': [ '7.1.8' ],
14 silly audit   'worker-timers-broker': [ '6.1.8' ],
14 silly audit   'worker-timers-worker': [ '7.0.71' ],
14 silly audit   'wrap-ansi': [ '8.1.0', '7.0.0' ],
14 silly audit   xml2js: [ '0.6.2' ],
14 silly audit   xmlbuilder: [ '11.0.1' ],
14 silly audit   xtend: [ '4.0.2' ]
14 silly audit }
15 http fetch GET 200 https://registry.npmjs.org/npm 583ms
16 http fetch POST 200 https://registry.npmjs.org/-/npm/v1/security/advisories/bulk 495ms
17 silly audit report {}
18 verbose cwd /usr/src/node-red/node_modules
19 verbose os Linux 6.8.0-52-generic
20 verbose node v20.18.1
21 verbose npm  v10.8.2
22 notice
22 notice New [31mmajor[39m version of npm available! [31m10.8.2[39m -> [34m11.1.0[39m
22 notice Changelog: [34mhttps://github.com/npm/cli/releases/tag/v11.1.0[39m
22 notice To update run: [4mnpm install -g npm@11.1.0[24m
22 notice  { force: true, [Symbol(proc-log.meta)]: true }
23 verbose exit 0
24 info ok
