0 verbose cli /usr/local/bin/node /usr/local/bin/npm
1 info using npm@10.8.2
2 info using node@v20.18.1
3 silly config load:file:/usr/local/lib/node_modules/npm/npmrc
4 silly config load:file:/data/.npmrc
5 silly config load:file:/usr/src/node-red/.npmrc
6 silly config load:file:/usr/local/etc/npmrc
7 verbose title npm install node-red-contrib-amqp-ack@1.1.2
8 verbose argv "install" "--no-audit" "--no-update-notifier" "--no-fund" "--save" "--save-prefix" "~" "--omit" "dev" "--engine-strict" "node-red-contrib-amqp-ack@1.1.2"
9 verbose logfile logs-max:10 dir:/data/.npm/_logs/2025-02-17T17_08_33_741Z-
10 verbose logfile /data/.npm/_logs/2025-02-17T17_08_33_741Z-debug-0.log
11 silly packumentCache heap:4345298944 maxSize:1086324736 maxEntrySize:543162368
12 silly logfile done cleaning log files
13 silly idealTree buildDeps
14 silly fetch manifest node-red-contrib-amqp-ack@1.1.2
15 silly packumentCache full:https://registry.npmjs.org/node-red-contrib-amqp-ack cache-miss
16 http fetch GET 200 https://registry.npmjs.org/node-red-contrib-amqp-ack 902ms (cache miss)
17 silly packumentCache full:https://registry.npmjs.org/node-red-contrib-amqp-ack set size:undefined disposed:false
18 silly placeDep ROOT node-red-contrib-amqp-ack@1.1.2 OK for: node-red-project@0.0.1 want: 1.1.2
19 silly fetch manifest amqp-ts@^1.0.0
20 silly packumentCache full:https://registry.npmjs.org/amqp-ts cache-miss
21 silly fetch manifest getos@^3.1.1
22 silly packumentCache full:https://registry.npmjs.org/getos cache-miss
23 http fetch GET 200 https://registry.npmjs.org/amqp-ts 9ms (cache hit)
24 silly packumentCache full:https://registry.npmjs.org/amqp-ts set size:75858 disposed:false
25 http fetch GET 200 https://registry.npmjs.org/getos 10ms (cache hit)
26 silly packumentCache full:https://registry.npmjs.org/getos set size:61236 disposed:false
27 silly placeDep ROOT amqp-ts@1.8.0 OK for: node-red-contrib-amqp-ack@1.1.2 want: ^1.0.0
28 silly placeDep ROOT getos@3.2.1 OK for: node-red-contrib-amqp-ack@1.1.2 want: ^3.1.1
29 silly fetch manifest @types/node@^12.7.2
30 silly packumentCache full:https://registry.npmjs.org/@types%2fnode cache-miss
31 silly fetch manifest amqplib@^0.4.1
32 silly packumentCache full:https://registry.npmjs.org/amqplib cache-miss
33 silly fetch manifest bluebird@^3.3.5
34 silly packumentCache full:https://registry.npmjs.org/bluebird cache-miss
35 http fetch GET 200 https://registry.npmjs.org/amqplib 9ms (cache hit)
36 silly packumentCache full:https://registry.npmjs.org/amqplib set size:73492 disposed:false
37 silly fetch manifest winston@^2.2.0
38 silly packumentCache full:https://registry.npmjs.org/winston cache-miss
39 http fetch GET 200 https://registry.npmjs.org/bluebird 14ms (cache hit)
40 silly packumentCache full:https://registry.npmjs.org/bluebird set size:491002 disposed:false
41 silly fetch manifest async@^3.2.0
42 silly packumentCache full:https://registry.npmjs.org/async cache-miss
43 http fetch GET 200 https://registry.npmjs.org/@types%2fnode 39ms (cache hit)
44 silly packumentCache full:https://registry.npmjs.org/@types%2fnode set size:9637328 disposed:false
45 http fetch GET 200 https://registry.npmjs.org/async 174ms (cache hit)
46 silly packumentCache full:https://registry.npmjs.org/async set size:230496 disposed:false
47 http fetch GET 200 https://registry.npmjs.org/winston 186ms (cache hit)
48 silly packumentCache full:https://registry.npmjs.org/winston set size:261456 disposed:false
49 silly placeDep ROOT @types/node@12.20.55 OK for: amqp-ts@1.8.0 want: ^12.7.2
50 silly placeDep ROOT amqplib@0.4.2 OK for: amqp-ts@1.8.0 want: ^0.4.1
51 silly placeDep ROOT bluebird@3.7.2 OK for: amqp-ts@1.8.0 want: ^3.3.5
52 silly placeDep ROOT winston@2.4.7 OK for: amqp-ts@1.8.0 want: ^2.2.0
53 silly fetch manifest when@~3.6.2
54 silly packumentCache full:https://registry.npmjs.org/when cache-miss
55 silly fetch manifest bitsyntax@~0.0.4
56 silly packumentCache full:https://registry.npmjs.org/bitsyntax cache-miss
57 silly fetch manifest readable-stream@1.x >=1.1.9
58 silly packumentCache full:https://registry.npmjs.org/readable-stream cache-miss
59 http fetch GET 200 https://registry.npmjs.org/bitsyntax 7ms (cache hit)
60 silly packumentCache full:https://registry.npmjs.org/bitsyntax set size:17356 disposed:false
61 silly fetch manifest buffer-more-ints@0.0.2
62 silly packumentCache full:https://registry.npmjs.org/buffer-more-ints cache-miss
63 http fetch GET 200 https://registry.npmjs.org/readable-stream 8ms (cache hit)
64 silly packumentCache full:https://registry.npmjs.org/readable-stream set size:261096 disposed:false
65 silly fetch manifest eyes@0.1.x
66 silly packumentCache full:https://registry.npmjs.org/eyes cache-miss
67 http fetch GET 200 https://registry.npmjs.org/when 14ms (cache hit)
68 silly packumentCache full:https://registry.npmjs.org/when set size:138568 disposed:false
69 silly fetch manifest async@^2.6.4
70 silly packumentCache full:https://registry.npmjs.org/async cache-hit
71 silly fetch manifest cycle@1.0.x
72 silly packumentCache full:https://registry.npmjs.org/cycle cache-miss
73 http fetch GET 200 https://registry.npmjs.org/buffer-more-ints 13ms (cache hit)
74 silly packumentCache full:https://registry.npmjs.org/buffer-more-ints set size:11969 disposed:false
75 silly fetch manifest colors@1.0.x
76 silly packumentCache full:https://registry.npmjs.org/colors cache-miss
77 http fetch GET 200 https://registry.npmjs.org/cycle 5ms (cache hit)
78 silly packumentCache full:https://registry.npmjs.org/cycle set size:8665 disposed:false
79 silly fetch manifest isstream@0.1.x
80 silly packumentCache full:https://registry.npmjs.org/isstream cache-miss
81 http fetch GET 200 https://registry.npmjs.org/eyes 11ms (cache hit)
82 silly packumentCache full:https://registry.npmjs.org/eyes set size:11297 disposed:false
83 silly fetch manifest stack-trace@0.0.x
84 silly packumentCache full:https://registry.npmjs.org/stack-trace cache-miss
85 http fetch GET 200 https://registry.npmjs.org/isstream 6ms (cache hit)
86 silly packumentCache full:https://registry.npmjs.org/isstream set size:9114 disposed:false
87 http fetch GET 200 https://registry.npmjs.org/stack-trace 5ms (cache hit)
88 silly packumentCache full:https://registry.npmjs.org/stack-trace set size:24248 disposed:false
89 http fetch GET 200 https://registry.npmjs.org/colors 9ms (cache hit)
90 silly packumentCache full:https://registry.npmjs.org/colors set size:55725 disposed:false
91 silly placeDep ROOT bitsyntax@0.0.4 OK for: amqplib@0.4.2 want: ~0.0.4
92 silly placeDep ROOT buffer-more-ints@0.0.2 OK for: amqplib@0.4.2 want: 0.0.2
93 silly placeDep node_modules/amqplib readable-stream@1.1.14 OK for: amqplib@0.4.2 want: 1.x >=1.1.9
94 silly placeDep ROOT when@3.6.4 OK for: amqplib@0.4.2 want: ~3.6.2
95 silly fetch manifest isarray@0.0.1
96 silly packumentCache full:https://registry.npmjs.org/isarray cache-miss
97 silly fetch manifest string_decoder@~0.10.x
98 silly packumentCache full:https://registry.npmjs.org/string_decoder cache-miss
99 http fetch GET 200 https://registry.npmjs.org/isarray 4ms (cache hit)
100 silly packumentCache full:https://registry.npmjs.org/isarray set size:17392 disposed:false
101 http fetch GET 200 https://registry.npmjs.org/string_decoder 4ms (cache hit)
102 silly packumentCache full:https://registry.npmjs.org/string_decoder set size:28441 disposed:false
103 silly placeDep ROOT async@3.2.6 OK for: getos@3.2.1 want: ^3.2.0
104 silly placeDep node_modules/winston async@2.6.4 OK for: winston@2.4.7 want: ^2.6.4
105 silly placeDep ROOT colors@1.0.3 OK for: winston@2.4.7 want: 1.0.x
106 silly placeDep ROOT cycle@1.0.3 OK for: winston@2.4.7 want: 1.0.x
107 silly placeDep ROOT eyes@0.1.8 OK for: winston@2.4.7 want: 0.1.x
108 silly placeDep ROOT isstream@0.1.2 OK for: winston@2.4.7 want: 0.1.x
109 silly placeDep ROOT stack-trace@0.0.10 OK for: winston@2.4.7 want: 0.0.x
110 silly fetch manifest lodash@^4.17.14
111 silly packumentCache full:https://registry.npmjs.org/lodash cache-miss
112 http fetch GET 200 https://registry.npmjs.org/lodash 3ms (cache hit)
113 silly packumentCache full:https://registry.npmjs.org/lodash set size:242370 disposed:false
114 silly placeDep node_modules/amqplib isarray@0.0.1 OK for: readable-stream@1.1.14 want: 0.0.1
115 silly placeDep node_modules/amqplib string_decoder@0.10.31 OK for: readable-stream@1.1.14 want: ~0.10.x
116 silly placeDep ROOT lodash@4.17.21 OK for: async@2.6.4 want: ^4.17.14
117 verbose stack Error: Unsupported engine
117 verbose stack     at checkEngine (/usr/local/lib/node_modules/npm/node_modules/npm-install-checks/lib/index.js:14:25)
117 verbose stack     at #checkEngineAndPlatform (/usr/local/lib/node_modules/npm/node_modules/@npmcli/arborist/lib/arborist/build-ideal-tree.js:198:11)
117 verbose stack     at Arborist.buildIdealTree (/usr/local/lib/node_modules/npm/node_modules/@npmcli/arborist/lib/arborist/build-ideal-tree.js:184:41)
117 verbose stack     at async Promise.all (index 1)
117 verbose stack     at async Arborist.reify (/usr/local/lib/node_modules/npm/node_modules/@npmcli/arborist/lib/arborist/reify.js:131:5)
117 verbose stack     at async Install.exec (/usr/local/lib/node_modules/npm/lib/commands/install.js:150:5)
117 verbose stack     at async Npm.exec (/usr/local/lib/node_modules/npm/lib/npm.js:207:9)
117 verbose stack     at async module.exports (/usr/local/lib/node_modules/npm/lib/cli/entry.js:74:5)
118 verbose pkgid amqplib@0.4.2
119 error code EBADENGINE
120 error engine Unsupported engine
121 error engine Not compatible with your version of node/npm: amqplib@0.4.2
122 error notsup Not compatible with your version of node/npm: amqplib@0.4.2
122 error notsup Required: {"node":">=0.8 <6 || ^6"}
122 error notsup Actual:   {"npm":"10.8.2","node":"v20.18.1"}
123 silly unfinished npm timer reify 1739812114047
124 silly unfinished npm timer reify:loadTrees 1739812114052
125 verbose cwd /data
126 verbose os Linux 6.8.0-52-generic
127 verbose node v20.18.1
128 verbose npm  v10.8.2
129 verbose exit 1
130 verbose code 1
131 error A complete log of this run can be found in: /data/.npm/_logs/2025-02-17T17_08_33_741Z-debug-0.log
