0 verbose cli /usr/local/bin/node /usr/local/bin/npm
1 info using npm@10.8.2
2 info using node@v20.18.1
3 silly config load:file:/usr/local/lib/node_modules/npm/npmrc
4 silly config load:file:/data/.npmrc
5 silly config load:file:/usr/src/node-red/.npmrc
6 silly config load:file:/usr/local/etc/npmrc
7 verbose title npm install @kyuda/node-red-contrib-rabbitmq-bus@1.0.1
8 verbose argv "install" "--no-audit" "--no-update-notifier" "--no-fund" "--save" "--save-prefix" "~" "--omit" "dev" "--engine-strict" "@kyuda/node-red-contrib-rabbitmq-bus@1.0.1"
9 verbose logfile logs-max:10 dir:/data/.npm/_logs/2025-02-17T17_09_19_002Z-
10 verbose logfile /data/.npm/_logs/2025-02-17T17_09_19_002Z-debug-0.log
11 silly packumentCache heap:4345298944 maxSize:1086324736 maxEntrySize:543162368
12 silly logfile done cleaning log files
13 silly idealTree buildDeps
14 silly fetch manifest @kyuda/node-red-contrib-rabbitmq-bus@1.0.1
15 silly packumentCache full:https://registry.npmjs.org/@kyuda%2fnode-red-contrib-rabbitmq-bus cache-miss
16 http fetch GET 200 https://registry.npmjs.org/@kyuda%2fnode-red-contrib-rabbitmq-bus 1833ms (cache miss)
17 silly packumentCache full:https://registry.npmjs.org/@kyuda%2fnode-red-contrib-rabbitmq-bus set size:undefined disposed:false
18 silly placeDep ROOT @kyuda/node-red-contrib-rabbitmq-bus@1.0.1 OK for: node-red-project@0.0.1 want: 1.0.1
19 silly fetch manifest amqplib@^0.10.3
20 silly packumentCache full:https://registry.npmjs.org/amqplib cache-miss
21 silly fetch manifest debug@^4.1.1
22 silly packumentCache full:https://registry.npmjs.org/debug cache-miss
23 silly fetch manifest node-uuid@^1.4.8
24 silly packumentCache full:https://registry.npmjs.org/node-uuid cache-miss
25 http fetch GET 200 https://registry.npmjs.org/amqplib 11ms (cache hit)
26 silly packumentCache full:https://registry.npmjs.org/amqplib set size:73492 disposed:false
27 http fetch GET 200 https://registry.npmjs.org/debug 96ms (cache miss)
28 silly packumentCache full:https://registry.npmjs.org/debug set size:undefined disposed:false
29 http fetch GET 200 https://registry.npmjs.org/node-uuid 198ms (cache miss)
30 silly packumentCache full:https://registry.npmjs.org/node-uuid set size:undefined disposed:false
31 silly placeDep ROOT amqplib@0.10.5 OK for: @kyuda/node-red-contrib-rabbitmq-bus@1.0.1 want: ^0.10.3
32 silly placeDep ROOT debug@4.4.0 OK for: @kyuda/node-red-contrib-rabbitmq-bus@1.0.1 want: ^4.1.1
33 silly placeDep ROOT node-uuid@1.4.8 OK for: @kyuda/node-red-contrib-rabbitmq-bus@1.0.1 want: ^1.4.8
34 silly fetch manifest @acuminous/bitsyntax@^0.1.2
35 silly packumentCache full:https://registry.npmjs.org/@acuminous%2fbitsyntax cache-miss
36 silly fetch manifest buffer-more-ints@~1.0.0
37 silly packumentCache full:https://registry.npmjs.org/buffer-more-ints cache-miss
38 silly fetch manifest url-parse@~1.5.10
39 silly packumentCache full:https://registry.npmjs.org/url-parse cache-miss
40 http fetch GET 200 https://registry.npmjs.org/buffer-more-ints 23ms (cache hit)
41 silly packumentCache full:https://registry.npmjs.org/buffer-more-ints set size:11969 disposed:false
42 silly fetch manifest ms@^2.1.3
43 silly packumentCache full:https://registry.npmjs.org/ms cache-miss
44 http fetch GET 200 https://registry.npmjs.org/url-parse 84ms (cache miss)
45 silly packumentCache full:https://registry.npmjs.org/url-parse set size:undefined disposed:false
46 http fetch GET 200 https://registry.npmjs.org/@acuminous%2fbitsyntax 121ms (cache miss)
47 silly packumentCache full:https://registry.npmjs.org/@acuminous%2fbitsyntax set size:undefined disposed:false
48 http fetch GET 200 https://registry.npmjs.org/ms 216ms (cache miss)
49 silly packumentCache full:https://registry.npmjs.org/ms set size:undefined disposed:false
50 silly placeDep ROOT @acuminous/bitsyntax@0.1.2 OK for: amqplib@0.10.5 want: ^0.1.2
51 silly placeDep ROOT buffer-more-ints@1.0.0 OK for: amqplib@0.10.5 want: ~1.0.0
52 silly placeDep ROOT url-parse@1.5.10 OK for: amqplib@0.10.5 want: ~1.5.10
53 silly fetch manifest querystringify@^2.1.1
54 silly packumentCache full:https://registry.npmjs.org/querystringify cache-miss
55 silly fetch manifest requires-port@^1.0.0
56 silly packumentCache full:https://registry.npmjs.org/requires-port cache-miss
57 http fetch GET 200 https://registry.npmjs.org/requires-port 90ms (cache miss)
58 silly packumentCache full:https://registry.npmjs.org/requires-port set size:undefined disposed:false
59 http fetch GET 200 https://registry.npmjs.org/querystringify 96ms (cache miss)
60 silly packumentCache full:https://registry.npmjs.org/querystringify set size:undefined disposed:false
61 silly placeDep ROOT ms@2.1.3 OK for: debug@4.4.0 want: ^2.1.3
62 silly placeDep ROOT querystringify@2.2.0 OK for: url-parse@1.5.10 want: ^2.1.1
63 silly placeDep ROOT requires-port@1.0.0 OK for: url-parse@1.5.10 want: ^1.0.0
64 silly reify moves {}
65 silly tarball no local data for requires-port@https://registry.npmjs.org/requires-port/-/requires-port-1.0.0.tgz. Extracting by manifest.
66 silly tarball no local data for ms@https://registry.npmjs.org/ms/-/ms-2.1.3.tgz. Extracting by manifest.
67 silly tarball no local data for querystringify@https://registry.npmjs.org/querystringify/-/querystringify-2.2.0.tgz. Extracting by manifest.
68 silly tarball no local data for url-parse@https://registry.npmjs.org/url-parse/-/url-parse-1.5.10.tgz. Extracting by manifest.
69 silly tarball no local data for buffer-more-ints@https://registry.npmjs.org/buffer-more-ints/-/buffer-more-ints-1.0.0.tgz. Extracting by manifest.
70 silly tarball no local data for @acuminous/bitsyntax@https://registry.npmjs.org/@acuminous/bitsyntax/-/bitsyntax-0.1.2.tgz. Extracting by manifest.
71 silly tarball no local data for node-uuid@https://registry.npmjs.org/node-uuid/-/node-uuid-1.4.8.tgz. Extracting by manifest.
72 silly tarball no local data for debug@https://registry.npmjs.org/debug/-/debug-4.4.0.tgz. Extracting by manifest.
73 silly tarball no local data for amqplib@https://registry.npmjs.org/amqplib/-/amqplib-0.10.5.tgz. Extracting by manifest.
74 silly tarball no local data for @kyuda/node-red-contrib-rabbitmq-bus@https://registry.npmjs.org/@kyuda/node-red-contrib-rabbitmq-bus/-/node-red-contrib-rabbitmq-bus-1.0.1.tgz. Extracting by manifest.
75 http fetch GET 200 https://registry.npmjs.org/ms/-/ms-2.1.3.tgz 111ms (cache miss)
76 http fetch GET 200 https://registry.npmjs.org/requires-port/-/requires-port-1.0.0.tgz 113ms (cache miss)
77 http fetch GET 200 https://registry.npmjs.org/querystringify/-/querystringify-2.2.0.tgz 111ms (cache miss)
78 http fetch GET 200 https://registry.npmjs.org/url-parse/-/url-parse-1.5.10.tgz 172ms (cache miss)
79 http fetch GET 200 https://registry.npmjs.org/buffer-more-ints/-/buffer-more-ints-1.0.0.tgz 212ms (cache miss)
80 http fetch GET 200 https://registry.npmjs.org/node-uuid/-/node-uuid-1.4.8.tgz 211ms (cache miss)
81 warn deprecated node-uuid@1.4.8: Use uuid module instead
82 http fetch GET 200 https://registry.npmjs.org/debug/-/debug-4.4.0.tgz 217ms (cache miss)
83 http fetch GET 200 https://registry.npmjs.org/@acuminous/bitsyntax/-/bitsyntax-0.1.2.tgz 238ms (cache miss)
84 http fetch GET 200 https://registry.npmjs.org/amqplib/-/amqplib-0.10.5.tgz 247ms (cache miss)
85 http fetch GET 200 https://registry.npmjs.org/@kyuda/node-red-contrib-rabbitmq-bus/-/node-red-contrib-rabbitmq-bus-1.0.1.tgz 1977ms (cache miss)
86 silly ADD node_modules/requires-port
87 silly ADD node_modules/querystringify
88 silly ADD node_modules/ms
89 silly ADD node_modules/url-parse
90 silly ADD node_modules/buffer-more-ints
91 silly ADD node_modules/@acuminous/bitsyntax
92 silly ADD node_modules/node-uuid
93 silly ADD node_modules/debug
94 silly ADD node_modules/amqplib
95 silly ADD node_modules/@kyuda/node-red-contrib-rabbitmq-bus
96 verbose cwd /data
97 verbose os Linux 6.8.0-52-generic
98 verbose node v20.18.1
99 verbose npm  v10.8.2
100 verbose exit 0
101 info ok
